<?xml version="1.0" encoding="UTF-8"?>
<testsuite name="servletcontainer.HttpServletResponseImpTest" tests="7" skipped="0" failures="0" errors="0" timestamp="2023-06-24T19:09:15" hostname="IdeaPadFlex" time="0.037">
  <properties/>
  <testcase name="setGetStatus()" classname="servletcontainer.HttpServletResponseImpTest" time="0.004"/>
  <testcase name="setHeaderLock()" classname="servletcontainer.HttpServletResponseImpTest" time="0.003"/>
  <testcase name="resetBuffer()" classname="servletcontainer.HttpServletResponseImpTest" time="0.004"/>
  <testcase name="flushBuffer()" classname="servletcontainer.HttpServletResponseImpTest" time="0.005"/>
  <testcase name="reset()" classname="servletcontainer.HttpServletResponseImpTest" time="0.004"/>
  <testcase name="getOutputStream()" classname="servletcontainer.HttpServletResponseImpTest" time="0.003"/>
  <testcase name="setGetHeader()" classname="servletcontainer.HttpServletResponseImpTest" time="0.004"/>
  <system-out><![CDATA[]]></system-out>
  <system-err><![CDATA[]]></system-err>
</testsuite>
