<?xml version="1.0" encoding="UTF-8"?>
<testsuite name="servletcontainer.ServletManagerTest" tests="4" skipped="0" failures="0" errors="0" timestamp="2023-06-24T19:10:07" hostname="IdeaPadFlex" time="0.011">
  <properties/>
  <testcase name="getServlet()" classname="servletcontainer.ServletManagerTest" time="0.004"/>
  <testcase name="addServlet()" classname="servletcontainer.ServletManagerTest" time="0.003"/>
  <testcase name="getServletWrapper()" classname="servletcontainer.ServletManagerTest" time="0.0"/>
  <testcase name="getServletWrapperWithRelativeURL()" classname="servletcontainer.ServletManagerTest" time="0.001"/>
  <system-out><![CDATA[]]></system-out>
  <system-err><![CDATA[]]></system-err>
</testsuite>
