<?xml version="1.0" encoding="UTF-8"?>
<testsuite name="servletcontainer.ServletContainerTest" tests="2" skipped="0" failures="0" errors="0" timestamp="2023-06-24T19:09:45" hostname="IdeaPadFlex" time="22.025">
  <properties/>
  <testcase name="multithreading()" classname="servletcontainer.ServletContainerTest" time="18.518"/>
  <testcase name="notFound()" classname="servletcontainer.ServletContainerTest" time="3.507"/>
  <system-out><![CDATA[]]></system-out>
  <system-err><![CDATA[]]></system-err>
</testsuite>
